/Users/mac/Library/Python/3.9/lib/python/site-packages/urllib3/__init__.py:35: NotOpenSSLWarning: urllib3 v2 only supports OpenSSL 1.1.1+, currently the 'ssl' module is compiled with 'LibreSSL 2.8.3'. See: https://github.com/urllib3/urllib3/issues/3020
  warnings.warn(
INFO:__main__:当前北京时间: 2026-02-28 17:17:29
INFO:apscheduler.scheduler:Adding job tentatively -- it will be properly scheduled when the scheduler starts
INFO:apscheduler.scheduler:Added job "每日新闻推送" to job store "default"
INFO:apscheduler.scheduler:Scheduler started
INFO:__main__:定时任务已启动，执行时间: 30 8 * * * (北京时间)
INFO:__main__:下次执行时间: 2026-03-01 08:30:00+08:00
INFO:__main__:启动新闻聚合服务...
INFO:__main__:访问 http://localhost:5002 查看控制面板
INFO:__main__:访问 http://localhost:5002/preview 预览新闻
INFO:__main__:访问 http://localhost:5002/trigger 触发推送
 * Serving Flask app 'simple_server'
 * Debug mode: off
Address already in use
Port 5002 is in use by another program. Either identify and stop that program, or start the server with a different port.
nohup: python: No such file or directory
/Users/mac/Library/Python/3.9/lib/python/site-packages/urllib3/__init__.py:35: NotOpenSSLWarning: urllib3 v2 only supports OpenSSL 1.1.1+, currently the 'ssl' module is compiled with 'LibreSSL 2.8.3'. See: https://github.com/urllib3/urllib3/issues/3020
  warnings.warn(
INFO:__main__:当前北京时间: 2026-03-02 10:01:48
INFO:apscheduler.scheduler:Adding job tentatively -- it will be properly scheduled when the scheduler starts
INFO:apscheduler.scheduler:Added job "每日新闻推送" to job store "default"
INFO:apscheduler.scheduler:Scheduler started
INFO:__main__:定时任务已启动，执行时间: 30 8 * * * (北京时间)
INFO:__main__:下次执行时间: 2026-03-03 08:30:00+08:00
INFO:__main__:启动新闻聚合服务...
INFO:__main__:访问 http://localhost:5002 查看控制面板
INFO:__main__:访问 http://localhost:5002/preview 预览新闻
INFO:__main__:访问 http://localhost:5002/trigger 触发推送
 * Serving Flask app 'simple_server'
 * Debug mode: off
INFO:werkzeug:[31m[1mWARNING: This is a development server. Do not use it in a production deployment. Use a production WSGI server instead.[0m
 * Running on all addresses (0.0.0.0)
 * Running on http://127.0.0.1:5002
 * Running on http://192.168.31.184:5002
INFO:werkzeug:[33mPress CTRL+C to quit[0m
WARNING:apscheduler.executors.default:Run time of job "每日新闻推送 (trigger: cron[month='*', day='*', day_of_week='*', hour='8', minute='30'], next run at: 2026-03-07 08:30:00 CST)" was missed by 8:18:20.274398
